<?xml version="1.0" encoding="utf-8"?><testsuites><testsuite name="pytest" errors="0" failures="0" skipped="0" tests="3" time="18.385" timestamp="2023-04-28T18:14:08.635442" hostname="Nguyens-MacBook-Pro.local"><testcase classname="test_HomePage.TestHomePage" name="test_formSubmission[getData0]" time="4.845" /><testcase classname="test_HomePage.TestHomePage" name="test_formSubmission[getData1]" time="2.618" /><testcase classname="test_e2e.TestOne" name="test_e2e" time="10.895" /></testsuite></testsuites>